<?xml version="1.0" encoding="UTF-8"?>
<!-- Generated by org.testng.reporters.JUnitReportReporter -->
<testsuite hostname="Bhavyas-MacBook-Pro.local" failures="0" tests="2" name="testngMain" time="19.597" errors="0" timestamp="2023-05-18T16:09:20 IST" skipped="0">
  <testcase classname="testngMain" name="addToCart" time="5.527"/>
  <system-out/>
  <testcase classname="testngMain" name="gotoPage" time="14.070"/>
  <system-out/>
</testsuite> <!-- testngMain -->
